<html>
<head>
<title>TestNG:  tests1</title>
<link href="../testng.css" rel="stylesheet" type="text/css" />
<link href="../my-testng.css" rel="stylesheet" type="text/css" />

<style type="text/css">
.log { display: none;} 
.stack-trace { display: none;} 
</style>
<script type="text/javascript">
<!--
function flip(e) {
  current = e.style.display;
  if (current == 'block') {
    e.style.display = 'none';
    return 0;
  }
  else {
    e.style.display = 'block';
    return 1;
  }
}

function toggleBox(szDivId, elem, msg1, msg2)
{
  var res = -1;  if (document.getElementById) {
    res = flip(document.getElementById(szDivId));
  }
  else if (document.all) {
    // this is the way old msie versions work
    res = flip(document.all[szDivId]);
  }
  if(elem) {
    if(res == 0) elem.innerHTML = msg1; else elem.innerHTML = msg2;
  }

}

function toggleAllBoxes() {
  if (document.getElementsByTagName) {
    d = document.getElementsByTagName('div');
    for (i = 0; i < d.length; i++) {
      if (d[i].className == 'log') {
        flip(d[i]);
      }
    }
  }
}

// -->
</script>

</head>
<body>
<h2 align='center'>tests1</h2><table border='1' align="center">
<tr>
<td>Tests passed/Failed/Skipped:</td><td>11/0/0</td>
</tr><tr>
<td>Started on:</td><td>Sat Oct 22 12:41:09 EDT 2022</td>
</tr>
<tr><td>Total time:</td><td>1 seconds (1128 ms)</td>
</tr><tr>
<td>Included groups:</td><td></td>
</tr><tr>
<td>Excluded groups:</td><td></td>
</tr>
</table><p/>
<small><i>(Hover the method name to see the test class name)</i></small><p/>
<table width='100%' border='1' class='invocation-passed'>
<tr><td colspan='4' align='center'><b>PASSED TESTS</b></td></tr>
<tr><td><b>Test method</b></td>
<td><b>Attribute(s)</b></td>
<td width="30%"><b>Exception</b></td>
<td width="10%"><b>Time (seconds)</b></td>
<td><b>Instance</b></td>
</tr>
<tr>
<td title='tests.GoogleTests.cTest002()'><b>cTest002</b><br>Test class: tests.GoogleTests</td>
<td></td>
<td>0</td>
<td>tests.GoogleTests@40cb8df7</td></tr>
<tr>
<td title='tests.GoogleTests.login()'><b>login</b><br>Test class: tests.GoogleTests<br>Parameters: [Ljava.lang.Object;@61f8670a</td>
<td></td>
<td>0</td>
<td>tests.GoogleTests@40cb8df7</td></tr>
<tr>
<td title='tests.GoogleTests.login()'><b>login</b><br>Test class: tests.GoogleTests<br>Parameters: [Ljava.lang.Object;@119446cf</td>
<td></td>
<td>0</td>
<td>tests.GoogleTests@40cb8df7</td></tr>
<tr>
<td title='tests.GoogleTests.testAssertions()'><b>testAssertions</b><br>Test class: tests.GoogleTests</td>
<td></td>
<td>0</td>
<td>tests.GoogleTests@40cb8df7</td></tr>
<tr>
<td title='tests.GoogleTests.aTest001()'><b>aTest001</b><br>Test class: tests.GoogleTests<br>Parameters: chrome, https://www.google.com</td>
<td></td>
<td>0</td>
<td>tests.GoogleTests@40cb8df7</td></tr>
<tr>
<td title='tests.GoogleTests.aTest001()'><b>aTest001</b><br>Test class: tests.GoogleTests<br>Parameters: chrome, https://www.google.com</td>
<td></td>
<td>0</td>
<td>tests.GoogleTests@40cb8df7</td></tr>
<tr>
<td title='tests.GoogleTests.bTest005()'><b>bTest005</b><br>Test class: tests.GoogleTests</td>
<td><div><pre>java.lang.ArithmeticException: / by zero
	at tests.GoogleTests.bTest005(GoogleTests.java:42)
	at java.base/jdk.internal.reflect.NativeMethodAccessorImpl.invoke0(Native Method)
	at java.base/jdk.internal.reflect.NativeMethodAccessorImpl.invoke(NativeMethodAccessorImpl.java:62)
	at java.base/jdk.internal.reflect.DelegatingMethodAccessorImpl.invoke(DelegatingMethodAccessorImpl.java:43)
	at java.base/java.lang.reflect.Method.invoke(Method.java:566)
	at org.testng.internal.invokers.MethodInvocationHelper.invokeMethod(MethodInvocationHelper.java:139)
	at org.testng.internal.invokers.TestInvoker.invokeMethod(TestInvoker.java:677)
	at org.testng.internal.invokers.TestInvoker.invokeTestMethod(TestInvoker.java:221)
	at org.testng.internal.invokers.MethodRunner.runInSequence(MethodRunner.java:50)
	at org.testng.internal.invokers.TestInvoker$MethodInvocationAgent.invoke(TestInvoker.java:962)
	at org.testng.internal.invokers.TestInvoker.invokeTestMethods(TestInvoker.java:194)
	at org.testng.internal.invokers.TestMethodWorker.invokeTestMethods(TestMethodWorker.java:148)
	at org.testng.internal.invokers.TestMethodWorker.run(TestMethodWorker.java:128)
	at java.base/java.util.ArrayList.forEach(ArrayList.java:1541)
	at org.testng.TestRunner.privateRun(TestRunner.java:806)
	at org.testng.TestRunner.run(TestRunner.java:601)
	at org.testng.SuiteRunner.runTest(SuiteRunner.java:433)
	at org.testng.SuiteRunner$SuiteWorker.run(SuiteRunner.java:471)
	at org.testng.internal.thread.ThreadUtil.lambda$execute$0(ThreadUtil.java:58)
	at java.base/java.util.concurrent.FutureTask.run(FutureTask.java:264)
	at java.base/java.util.concurrent.ThreadPoolExecutor.runWorker(ThreadPoolExecutor.java:1128)
	at java.base/java.util.concurrent.ThreadPoolExecutor$Worker.run(ThreadPoolExecutor.java:628)
	at java.base/java.lang.Thread.run(Thread.java:834)
</pre></div><a href='#' onClick='toggleBox("stack-trace1376797768", this, "Click to show all stack frames", "Click to hide stack frames")'>Click to show all stack frames</a>
<div class='stack-trace' id='stack-trace1376797768'><pre>java.lang.ArithmeticException: / by zero
	at tests.GoogleTests.bTest005(GoogleTests.java:42)
	at java.base/jdk.internal.reflect.NativeMethodAccessorImpl.invoke0(Native Method)
	at java.base/jdk.internal.reflect.NativeMethodAccessorImpl.invoke(NativeMethodAccessorImpl.java:62)
	at java.base/jdk.internal.reflect.DelegatingMethodAccessorImpl.invoke(DelegatingMethodAccessorImpl.java:43)
	at java.base/java.lang.reflect.Method.invoke(Method.java:566)
	at org.testng.internal.invokers.MethodInvocationHelper.invokeMethod(MethodInvocationHelper.java:139)
	at org.testng.internal.invokers.TestInvoker.invokeMethod(TestInvoker.java:677)
	at org.testng.internal.invokers.TestInvoker.invokeTestMethod(TestInvoker.java:221)
	at org.testng.internal.invokers.MethodRunner.runInSequence(MethodRunner.java:50)
	at org.testng.internal.invokers.TestInvoker$MethodInvocationAgent.invoke(TestInvoker.java:962)
	at org.testng.internal.invokers.TestInvoker.invokeTestMethods(TestInvoker.java:194)
	at org.testng.internal.invokers.TestMethodWorker.invokeTestMethods(TestMethodWorker.java:148)
	at org.testng.internal.invokers.TestMethodWorker.run(TestMethodWorker.java:128)
	at java.base/java.util.ArrayList.forEach(ArrayList.java:1541)
	at org.testng.TestRunner.privateRun(TestRunner.java:806)
	at org.testng.TestRunner.run(TestRunner.java:601)
	at org.testng.SuiteRunner.runTest(SuiteRunner.java:433)
	at org.testng.SuiteRunner$SuiteWorker.run(SuiteRunner.java:471)
	at org.testng.internal.thread.ThreadUtil.lambda$execute$0(ThreadUtil.java:58)
	at java.base/java.util.concurrent.FutureTask.run(FutureTask.java:264)
	at java.base/java.util.concurrent.ThreadPoolExecutor.runWorker(ThreadPoolExecutor.java:1128)
	at java.base/java.util.concurrent.ThreadPoolExecutor$Worker.run(ThreadPoolExecutor.java:628)
	at java.base/java.lang.Thread.run(Thread.java:834)
</pre></div></td>
<td>0</td>
<td>tests.GoogleTests@40cb8df7</td></tr>
<tr>
<td title='tests.GoogleTests.login()'><b>login</b><br>Test class: tests.GoogleTests<br>Parameters: [Ljava.lang.Object;@417672b1</td>
<td></td>
<td>0</td>
<td>tests.GoogleTests@40cb8df7</td></tr>
<tr>
<td title='tests.GoogleTests.eTest003()'><b>eTest003</b><br>Test class: tests.GoogleTests</td>
<td></td>
<td>1</td>
<td>tests.GoogleTests@40cb8df7</td></tr>
<tr>
<td title='tests.GoogleTests.dTest004()'><b>dTest004</b><br>Test class: tests.GoogleTests</td>
<td></td>
<td>0</td>
<td>tests.GoogleTests@40cb8df7</td></tr>
<tr>
<td title='tests.GoogleTests.aTest001()'><b>aTest001</b><br>Test class: tests.GoogleTests<br>Parameters: chrome, https://www.google.com</td>
<td></td>
<td>0</td>
<td>tests.GoogleTests@40cb8df7</td></tr>
</table><p>
</body>
</html>